Using pre-set license
Built from '2020.3/release' branch; Version is '2020.3.12f1 (b3b2c6512326) revision 11776710'; Using compiler version '192528614'; Build Type 'Release'
OS: 'Windows 10 Home; OS build 19041.1052; Version 2004; 64bit' Language: 'zh' Physical Memory: 3963 MB
BatchMode: 1, IsHumanControllingUs: 0, StartBugReporterOnCrash: 0, Is64bit: 1, IsPro: 0

 COMMAND LINE ARGUMENTS:
C:\Program Files\Unity\Hub\Editor\2020.3.12f1\Editor\Unity.exe
-adb2
-batchMode
-noUpm
-name
AssetImportWorker5
-projectPath
D:/Github/0626unityhw/Homework practice
-logFile
Logs/AssetImportWorker5.log
-srvPort
51087
Successfully changed project path to: D:/Github/0626unityhw/Homework practice
D:/Github/0626unityhw/Homework practice
Using Asset Import Pipeline V2.
Refreshing native plugins compatible for Editor in 82.99 ms, found 3 plugins.
Preloading 0 native plugins for Editor in 0.00 ms.
Initialize engine version: 2020.3.12f1 (b3b2c6512326)
[Subsystems] Discovering subsystems at path C:/Program Files/Unity/Hub/Editor/2020.3.12f1/Editor/Data/Resources/UnitySubsystems
[Subsystems] Discovering subsystems at path D:/Github/0626unityhw/Homework practice/Assets
GfxDevice: creating device client; threaded=0
Direct3D:
    Version:  Direct3D 11.0 [level 11.0]
    Renderer: NVIDIA GeForce 930MX (ID=0x134e)
    Vendor:   
    VRAM:     2020 MB
    Driver:   23.21.13.8857
Initialize mono
Mono path[0] = 'C:/Program Files/Unity/Hub/Editor/2020.3.12f1/Editor/Data/Managed'
Mono path[1] = 'C:/Program Files/Unity/Hub/Editor/2020.3.12f1/Editor/Data/MonoBleedingEdge/lib/mono/unityjit'
Mono config path = 'C:/Program Files/Unity/Hub/Editor/2020.3.12f1/Editor/Data/MonoBleedingEdge/etc'
Using monoOptions --debugger-agent=transport=dt_socket,embedding=1,server=y,suspend=n,address=127.0.0.1:56284
Begin MonoManager ReloadAssembly
Registering precompiled unity dll's ...
Register platform support module: C:/Program Files/Unity/Hub/Editor/2020.3.12f1/Editor/Data/PlaybackEngines/WindowsStandaloneSupport/UnityEditor.WindowsStandalone.Extensions.dll
Registered in 0.002992 seconds.
Native extension for WindowsStandalone target not found
Refreshing native plugins compatible for Editor in 68.46 ms, found 3 plugins.
Preloading 0 native plugins for Editor in 0.00 ms.
Mono: successfully reloaded assembly
- Completed reload, in  1.739 seconds
Platform modules already initialized, skipping
Registering precompiled user dll's ...
Registered in 0.005478 seconds.
Begin MonoManager ReloadAssembly
Native extension for WindowsStandalone target not found
Refreshing native plugins compatible for Editor in 58.31 ms, found 3 plugins.
Preloading 0 native plugins for Editor in 0.00 ms.
Mono: successfully reloaded assembly
- Completed reload, in  7.834 seconds
Platform modules already initialized, skipping
========================================================================
Worker process is ready to serve import requests
Launched and connected shader compiler UnityShaderCompiler.exe after 0.54 seconds
Refreshing native plugins compatible for Editor in 0.49 ms, found 3 plugins.
Preloading 0 native plugins for Editor in 0.00 ms.
Unloading 2080 Unused Serialized files (Serialized files now loaded: 0)
System memory in use before: 92.9 MB.
System memory in use after: 92.8 MB.

Unloading 33 unused Assets to reduce memory usage. Loaded Objects now: 2514.
Total: 151.367600 ms (FindLiveObjects: 0.242300 ms CreateObjectMapping: 0.143800 ms MarkObjects: 136.646200 ms  DeleteObjects: 14.333000 ms)

AssetImportParameters requested are different than current active one (requested -> active):
  custom:framework-win-MediaFoundation: 216162199b28c13a410421893ffa2e32 -> 
  custom:video-decoder-ogg-theora: a1e56fd34408186e4bbccfd4996cb3dc -> 
  custom:container-muxer-webm: aa71ff27fc2769a1b78a27578f13a17b -> 
  custom:container-demuxer-webm: 4f35f7cbe854078d1ac9338744f61a02 -> 
  custom:container-demuxer-ogg: 62fdf1f143b41e24485cea50d1cbac27 -> 
  custom:video-encoder-webm-vp8: eb34c28f22e8b96e1ab97ce403110664 -> 
  custom:video-codec-MediaFoundation-h265: 746d11721c4dcdbdad8f713fa42b33f4 -> 
  custom:video-decoder-webm-vp8: 9c59270c3fd7afecdb556c50c9e8de78 -> 
  custom:audio-decoder-ogg-vorbis: bf7c407c2cedff20999df2af8eb42d56 -> 
  custom:audio-encoder-webm-vorbis: bf7c407c2cedff20999df2af8eb42d56 -> 
========================================================================
Received Import Request.
  path: Assets/圖片/pexels-johannes-plenio-1165982.jpg
  artifactKey: Guid(ae3f906c7304361499b6d8eab39c79d1) Importer(815301076,1909f56bfc062723c751e8b465ee728b)
Start importing Assets/圖片/pexels-johannes-plenio-1165982.jpg using Guid(ae3f906c7304361499b6d8eab39c79d1) Importer(815301076,1909f56bfc062723c751e8b465ee728b)  -> (artifact id: '1fec82c3861f00ff051c2e4ff7586087') in 1.061214 seconds 
  Import took 1.091650 seconds .

========================================================================
Received Import Request.
  Time since last request: 493.560872 seconds.
  path: Assets/圖片
  artifactKey: Guid(20624edbb24d4d34cb8528d2fe4ae788) Importer(815301076,1909f56bfc062723c751e8b465ee728b)
Start importing Assets/圖片 using Guid(20624edbb24d4d34cb8528d2fe4ae788) Importer(815301076,1909f56bfc062723c751e8b465ee728b)  -> (artifact id: 'fa636e8820cfc56c5a94a9a0de1f6339') in 0.596551 seconds 
  Import took 2.698976 seconds .

========================================================================
Received Import Request.
  Time since last request: 13.733267 seconds.
  path: Assets/選單
  artifactKey: Guid(20624edbb24d4d34cb8528d2fe4ae788) Importer(815301076,1909f56bfc062723c751e8b465ee728b)
Start importing Assets/選單 using Guid(20624edbb24d4d34cb8528d2fe4ae788) Importer(815301076,1909f56bfc062723c751e8b465ee728b)  -> (artifact id: 'd2dcaac06a9ef1aa59f4f8870bc34376') in 0.076714 seconds 
  Import took 0.178390 seconds .

========================================================================
Received Import Request.
  Time since last request: 9.682311 seconds.
  path: Assets/圖片/New Folder
  artifactKey: Guid(586297156febe6d42a3c1a3e208a1712) Importer(815301076,1909f56bfc062723c751e8b465ee728b)
Start importing Assets/圖片/New Folder using Guid(586297156febe6d42a3c1a3e208a1712) Importer(815301076,1909f56bfc062723c751e8b465ee728b)  -> (artifact id: '865a13294392885db0fe12e4f31255b7') in 0.121098 seconds 
  Import took 0.193055 seconds .

========================================================================
Received Import Request.
  Time since last request: 20.278664 seconds.
  path: Assets/New Folder
  artifactKey: Guid(9508e4220c6f65545b790e0810256924) Importer(815301076,1909f56bfc062723c751e8b465ee728b)
Start importing Assets/New Folder using Guid(9508e4220c6f65545b790e0810256924) Importer(815301076,1909f56bfc062723c751e8b465ee728b)  -> (artifact id: 'aadfa0e2bec6af2b270948c0f1356461') in 0.003549 seconds 
  Import took 0.021424 seconds .

========================================================================
Received Import Request.
  Time since last request: 6.429131 seconds.
  path: Assets/場景
  artifactKey: Guid(20624edbb24d4d34cb8528d2fe4ae788) Importer(815301076,1909f56bfc062723c751e8b465ee728b)
Start importing Assets/場景 using Guid(20624edbb24d4d34cb8528d2fe4ae788) Importer(815301076,1909f56bfc062723c751e8b465ee728b)  -> (artifact id: 'ce6ffd7bfbd4d3452135a6015433b466') in 0.034004 seconds 
  Import took 0.071534 seconds .

========================================================================
Received Import Request.
  Time since last request: 5.256770 seconds.
  path: Assets/圖片
  artifactKey: Guid(9508e4220c6f65545b790e0810256924) Importer(815301076,1909f56bfc062723c751e8b465ee728b)
Start importing Assets/圖片 using Guid(9508e4220c6f65545b790e0810256924) Importer(815301076,1909f56bfc062723c751e8b465ee728b)  -> (artifact id: '91816f0fb204813b39316f76e1ec35c0') in 0.080184 seconds 
  Import took 0.119345 seconds .

========================================================================
Received Import Request.
  Time since last request: 30.027857 seconds.
  path: Assets/場景/場景.unity
  artifactKey: Guid(bc3055c174a4b664b853b5a2ae53fb84) Importer(815301076,1909f56bfc062723c751e8b465ee728b)
Start importing Assets/場景/場景.unity using Guid(bc3055c174a4b664b853b5a2ae53fb84) Importer(815301076,1909f56bfc062723c751e8b465ee728b)  -> (artifact id: '53f886b330b8ff131a5280f9533238e8') in 0.416321 seconds 
  Import took 0.500661 seconds .

========================================================================
Received Import Request.
  Time since last request: 8.419962 seconds.
  path: Assets/場景/選單.unity
  artifactKey: Guid(bc3055c174a4b664b853b5a2ae53fb84) Importer(815301076,1909f56bfc062723c751e8b465ee728b)
Start importing Assets/場景/選單.unity using Guid(bc3055c174a4b664b853b5a2ae53fb84) Importer(815301076,1909f56bfc062723c751e8b465ee728b)  -> (artifact id: 'e0ce1a221e2b704f41733b18e287034d') in 0.054610 seconds 
  Import took 0.097024 seconds .

========================================================================
Received Import Request.
  Time since last request: 76.895743 seconds.
  path: Assets/圖片/pexels-johannes-plenio-1165982.jpg
  artifactKey: Guid(ae3f906c7304361499b6d8eab39c79d1) Importer(815301076,1909f56bfc062723c751e8b465ee728b)
Start importing Assets/圖片/pexels-johannes-plenio-1165982.jpg using Guid(ae3f906c7304361499b6d8eab39c79d1) Importer(815301076,1909f56bfc062723c751e8b465ee728b)  -> (artifact id: 'c422da8b8f878fe2105ae5ab35f28324') in 8.678704 seconds 
  Import took 9.167532 seconds .

========================================================================
Received Import Request.
  Time since last request: 1.281289 seconds.
  path: Assets/圖片/pexels-johannes-plenio-1165982.jpg
  artifactKey: Guid(ae3f906c7304361499b6d8eab39c79d1) Importer(815301076,1909f56bfc062723c751e8b465ee728b)
Start importing Assets/圖片/pexels-johannes-plenio-1165982.jpg using Guid(ae3f906c7304361499b6d8eab39c79d1) Importer(815301076,1909f56bfc062723c751e8b465ee728b)  -> (artifact id: 'c422da8b8f878fe2105ae5ab35f28324') in 0.252434 seconds 
  Import took 0.259519 seconds .

========================================================================
Received Import Request.
  Time since last request: 319.476359 seconds.
  path: Assets/素材
  artifactKey: Guid(299a7378acafb064c985639a0c08cf16) Importer(815301076,1909f56bfc062723c751e8b465ee728b)
Start importing Assets/素材 using Guid(299a7378acafb064c985639a0c08cf16) Importer(815301076,1909f56bfc062723c751e8b465ee728b)  -> (artifact id: '2341b86c270ed68c7af0756a660641dd') in 0.034508 seconds 
  Import took 0.068656 seconds .

========================================================================
Received Import Request.
  Time since last request: 69.292809 seconds.
  path: Assets/素材/AmongUs-Regular.ttf
  artifactKey: Guid(5f5d9b540ce6aec4ca8f09f982c5553d) Importer(815301076,1909f56bfc062723c751e8b465ee728b)
Start importing Assets/素材/AmongUs-Regular.ttf using Guid(5f5d9b540ce6aec4ca8f09f982c5553d) Importer(815301076,1909f56bfc062723c751e8b465ee728b)  -> (artifact id: '7337b0abea0d643195ce0f5a07427fe7') in 2.761175 seconds 
  Import took 2.798928 seconds .

========================================================================
Received Import Request.
  Time since last request: 14.279397 seconds.
  path: Assets/素材/選單背景.mat
  artifactKey: Guid(e75e283d99687a840a10b9dcc8d9069f) Importer(815301076,1909f56bfc062723c751e8b465ee728b)
Start importing Assets/素材/選單背景.mat using Guid(e75e283d99687a840a10b9dcc8d9069f) Importer(815301076,1909f56bfc062723c751e8b465ee728b)  -> (artifact id: 'dc084885bbcc73ae2cc591540b8ad899') in 0.557410 seconds 
  Import took 0.600220 seconds .

========================================================================
Received Prepare
Registering precompiled user dll's ...
Registered in 0.222439 seconds.
Begin MonoManager ReloadAssembly
Native extension for WindowsStandalone target not found
Refreshing native plugins compatible for Editor in 0.72 ms, found 3 plugins.
Preloading 0 native plugins for Editor in 0.00 ms.
Mono: successfully reloaded assembly
- Completed reload, in 14.018 seconds
Platform modules already initialized, skipping
Refreshing native plugins compatible for Editor in 0.53 ms, found 3 plugins.
Preloading 0 native plugins for Editor in 0.00 ms.
Unloading 2075 Unused Serialized files (Serialized files now loaded: 0)
System memory in use before: 96.2 MB.
System memory in use after: 96.2 MB.

Unloading 21 unused Assets to reduce memory usage. Loaded Objects now: 2565.
Total: 10.823300 ms (FindLiveObjects: 0.250500 ms CreateObjectMapping: 0.096900 ms MarkObjects: 10.306800 ms  DeleteObjects: 0.167100 ms)

AssetImportParameters requested are different than current active one (requested -> active):
  custom:framework-win-MediaFoundation: 216162199b28c13a410421893ffa2e32 -> 
  custom:video-decoder-ogg-theora: a1e56fd34408186e4bbccfd4996cb3dc -> 
  custom:container-muxer-webm: aa71ff27fc2769a1b78a27578f13a17b -> 
  custom:container-demuxer-webm: 4f35f7cbe854078d1ac9338744f61a02 -> 
  custom:container-demuxer-ogg: 62fdf1f143b41e24485cea50d1cbac27 -> 
  custom:video-encoder-webm-vp8: eb34c28f22e8b96e1ab97ce403110664 -> 
  custom:video-codec-MediaFoundation-h265: 746d11721c4dcdbdad8f713fa42b33f4 -> 
  custom:video-decoder-webm-vp8: 9c59270c3fd7afecdb556c50c9e8de78 -> 
  custom:audio-decoder-ogg-vorbis: bf7c407c2cedff20999df2af8eb42d56 -> 
  custom:audio-encoder-webm-vorbis: bf7c407c2cedff20999df2af8eb42d56 -> 
========================================================================
Received Prepare
Registering precompiled user dll's ...
Registered in 0.342348 seconds.
Begin MonoManager ReloadAssembly
Native extension for WindowsStandalone target not found
Refreshing native plugins compatible for Editor in 0.82 ms, found 3 plugins.
Preloading 0 native plugins for Editor in 0.00 ms.
Mono: successfully reloaded assembly
- Completed reload, in  3.547 seconds
Platform modules already initialized, skipping
Refreshing native plugins compatible for Editor in 0.71 ms, found 3 plugins.
Preloading 0 native plugins for Editor in 0.00 ms.
Unloading 2075 Unused Serialized files (Serialized files now loaded: 0)
System memory in use before: 96.2 MB.
System memory in use after: 96.2 MB.

Unloading 21 unused Assets to reduce memory usage. Loaded Objects now: 2569.
Total: 6.823900 ms (FindLiveObjects: 0.350700 ms CreateObjectMapping: 0.204500 ms MarkObjects: 5.731200 ms  DeleteObjects: 0.535200 ms)

AssetImportParameters requested are different than current active one (requested -> active):
  custom:framework-win-MediaFoundation: 216162199b28c13a410421893ffa2e32 -> 
  custom:video-decoder-ogg-theora: a1e56fd34408186e4bbccfd4996cb3dc -> 
  custom:container-muxer-webm: aa71ff27fc2769a1b78a27578f13a17b -> 
  custom:container-demuxer-webm: 4f35f7cbe854078d1ac9338744f61a02 -> 
  custom:container-demuxer-ogg: 62fdf1f143b41e24485cea50d1cbac27 -> 
  custom:video-encoder-webm-vp8: eb34c28f22e8b96e1ab97ce403110664 -> 
  custom:video-codec-MediaFoundation-h265: 746d11721c4dcdbdad8f713fa42b33f4 -> 
  custom:video-decoder-webm-vp8: 9c59270c3fd7afecdb556c50c9e8de78 -> 
  custom:audio-decoder-ogg-vorbis: bf7c407c2cedff20999df2af8eb42d56 -> 
  custom:audio-encoder-webm-vorbis: bf7c407c2cedff20999df2af8eb42d56 -> 
========================================================================
Received Prepare
Registering precompiled user dll's ...
Registered in 0.004984 seconds.
Begin MonoManager ReloadAssembly
Native extension for WindowsStandalone target not found
Refreshing native plugins compatible for Editor in 0.53 ms, found 3 plugins.
Preloading 0 native plugins for Editor in 0.00 ms.
Mono: successfully reloaded assembly
- Completed reload, in  1.969 seconds
Platform modules already initialized, skipping
Refreshing native plugins compatible for Editor in 0.78 ms, found 3 plugins.
Preloading 0 native plugins for Editor in 0.00 ms.
Unloading 2075 Unused Serialized files (Serialized files now loaded: 0)
System memory in use before: 96.2 MB.
System memory in use after: 96.2 MB.

Unloading 21 unused Assets to reduce memory usage. Loaded Objects now: 2573.
Total: 4.395100 ms (FindLiveObjects: 0.457900 ms CreateObjectMapping: 0.169800 ms MarkObjects: 3.522200 ms  DeleteObjects: 0.243300 ms)

AssetImportParameters requested are different than current active one (requested -> active):
  custom:framework-win-MediaFoundation: 216162199b28c13a410421893ffa2e32 -> 
  custom:video-decoder-ogg-theora: a1e56fd34408186e4bbccfd4996cb3dc -> 
  custom:container-muxer-webm: aa71ff27fc2769a1b78a27578f13a17b -> 
  custom:container-demuxer-webm: 4f35f7cbe854078d1ac9338744f61a02 -> 
  custom:container-demuxer-ogg: 62fdf1f143b41e24485cea50d1cbac27 -> 
  custom:video-encoder-webm-vp8: eb34c28f22e8b96e1ab97ce403110664 -> 
  custom:video-codec-MediaFoundation-h265: 746d11721c4dcdbdad8f713fa42b33f4 -> 
  custom:video-decoder-webm-vp8: 9c59270c3fd7afecdb556c50c9e8de78 -> 
  custom:audio-decoder-ogg-vorbis: bf7c407c2cedff20999df2af8eb42d56 -> 
  custom:audio-encoder-webm-vorbis: bf7c407c2cedff20999df2af8eb42d56 -> 
========================================================================
Received Prepare
Registering precompiled user dll's ...
Registered in 0.006533 seconds.
Begin MonoManager ReloadAssembly
Native extension for WindowsStandalone target not found
Refreshing native plugins compatible for Editor in 0.77 ms, found 3 plugins.
Preloading 0 native plugins for Editor in 0.00 ms.
Mono: successfully reloaded assembly
- Completed reload, in  2.122 seconds
Platform modules already initialized, skipping
Refreshing native plugins compatible for Editor in 0.62 ms, found 3 plugins.
Preloading 0 native plugins for Editor in 0.00 ms.
Unloading 2075 Unused Serialized files (Serialized files now loaded: 0)
System memory in use before: 96.2 MB.
System memory in use after: 96.2 MB.

Unloading 21 unused Assets to reduce memory usage. Loaded Objects now: 2577.
Total: 4.965300 ms (FindLiveObjects: 0.500700 ms CreateObjectMapping: 0.314800 ms MarkObjects: 3.753700 ms  DeleteObjects: 0.394000 ms)

AssetImportParameters requested are different than current active one (requested -> active):
  custom:framework-win-MediaFoundation: 216162199b28c13a410421893ffa2e32 -> 
  custom:video-decoder-ogg-theora: a1e56fd34408186e4bbccfd4996cb3dc -> 
  custom:container-muxer-webm: aa71ff27fc2769a1b78a27578f13a17b -> 
  custom:container-demuxer-webm: 4f35f7cbe854078d1ac9338744f61a02 -> 
  custom:container-demuxer-ogg: 62fdf1f143b41e24485cea50d1cbac27 -> 
  custom:video-encoder-webm-vp8: eb34c28f22e8b96e1ab97ce403110664 -> 
  custom:video-codec-MediaFoundation-h265: 746d11721c4dcdbdad8f713fa42b33f4 -> 
  custom:video-decoder-webm-vp8: 9c59270c3fd7afecdb556c50c9e8de78 -> 
  custom:audio-decoder-ogg-vorbis: bf7c407c2cedff20999df2af8eb42d56 -> 
  custom:audio-encoder-webm-vorbis: bf7c407c2cedff20999df2af8eb42d56 -> 
========================================================================
Received Prepare
Registering precompiled user dll's ...
Registered in 0.160969 seconds.
Begin MonoManager ReloadAssembly
Native extension for WindowsStandalone target not found
Refreshing native plugins compatible for Editor in 0.63 ms, found 3 plugins.
Preloading 0 native plugins for Editor in 0.00 ms.
Mono: successfully reloaded assembly
- Completed reload, in  2.030 seconds
Platform modules already initialized, skipping
Refreshing native plugins compatible for Editor in 0.50 ms, found 3 plugins.
Preloading 0 native plugins for Editor in 0.00 ms.
Unloading 2075 Unused Serialized files (Serialized files now loaded: 0)
System memory in use before: 96.2 MB.
System memory in use after: 96.2 MB.

Unloading 21 unused Assets to reduce memory usage. Loaded Objects now: 2581.
Total: 3.361100 ms (FindLiveObjects: 0.237700 ms CreateObjectMapping: 0.093500 ms MarkObjects: 2.859600 ms  DeleteObjects: 0.168900 ms)

AssetImportParameters requested are different than current active one (requested -> active):
  custom:framework-win-MediaFoundation: 216162199b28c13a410421893ffa2e32 -> 
  custom:video-decoder-ogg-theora: a1e56fd34408186e4bbccfd4996cb3dc -> 
  custom:container-muxer-webm: aa71ff27fc2769a1b78a27578f13a17b -> 
  custom:container-demuxer-webm: 4f35f7cbe854078d1ac9338744f61a02 -> 
  custom:container-demuxer-ogg: 62fdf1f143b41e24485cea50d1cbac27 -> 
  custom:video-encoder-webm-vp8: eb34c28f22e8b96e1ab97ce403110664 -> 
  custom:video-codec-MediaFoundation-h265: 746d11721c4dcdbdad8f713fa42b33f4 -> 
  custom:video-decoder-webm-vp8: 9c59270c3fd7afecdb556c50c9e8de78 -> 
  custom:audio-decoder-ogg-vorbis: bf7c407c2cedff20999df2af8eb42d56 -> 
  custom:audio-encoder-webm-vorbis: bf7c407c2cedff20999df2af8eb42d56 -> 
========================================================================
Received Prepare
Registering precompiled user dll's ...
Registered in 0.005012 seconds.
Begin MonoManager ReloadAssembly
Native extension for WindowsStandalone target not found
Refreshing native plugins compatible for Editor in 0.62 ms, found 3 plugins.
Preloading 0 native plugins for Editor in 0.00 ms.
Mono: successfully reloaded assembly
- Completed reload, in  2.008 seconds
Platform modules already initialized, skipping
Refreshing native plugins compatible for Editor in 0.53 ms, found 3 plugins.
Preloading 0 native plugins for Editor in 0.00 ms.
Unloading 2075 Unused Serialized files (Serialized files now loaded: 0)
System memory in use before: 96.3 MB.
System memory in use after: 96.2 MB.

Unloading 21 unused Assets to reduce memory usage. Loaded Objects now: 2585.
Total: 17.419500 ms (FindLiveObjects: 0.571900 ms CreateObjectMapping: 0.180100 ms MarkObjects: 3.523300 ms  DeleteObjects: 13.141500 ms)

AssetImportParameters requested are different than current active one (requested -> active):
  custom:framework-win-MediaFoundation: 216162199b28c13a410421893ffa2e32 -> 
  custom:video-decoder-ogg-theora: a1e56fd34408186e4bbccfd4996cb3dc -> 
  custom:container-muxer-webm: aa71ff27fc2769a1b78a27578f13a17b -> 
  custom:container-demuxer-webm: 4f35f7cbe854078d1ac9338744f61a02 -> 
  custom:container-demuxer-ogg: 62fdf1f143b41e24485cea50d1cbac27 -> 
  custom:video-encoder-webm-vp8: eb34c28f22e8b96e1ab97ce403110664 -> 
  custom:video-codec-MediaFoundation-h265: 746d11721c4dcdbdad8f713fa42b33f4 -> 
  custom:video-decoder-webm-vp8: 9c59270c3fd7afecdb556c50c9e8de78 -> 
  custom:audio-decoder-ogg-vorbis: bf7c407c2cedff20999df2af8eb42d56 -> 
  custom:audio-encoder-webm-vorbis: bf7c407c2cedff20999df2af8eb42d56 -> 
========================================================================
Received Prepare
Registering precompiled user dll's ...
Registered in 0.029416 seconds.
Begin MonoManager ReloadAssembly
Native extension for WindowsStandalone target not found
Refreshing native plugins compatible for Editor in 0.59 ms, found 3 plugins.
Preloading 0 native plugins for Editor in 0.00 ms.
Mono: successfully reloaded assembly
- Completed reload, in  1.717 seconds
Platform modules already initialized, skipping
Refreshing native plugins compatible for Editor in 0.80 ms, found 3 plugins.
Preloading 0 native plugins for Editor in 0.00 ms.
Unloading 2075 Unused Serialized files (Serialized files now loaded: 0)
System memory in use before: 96.3 MB.
System memory in use after: 96.3 MB.

Unloading 21 unused Assets to reduce memory usage. Loaded Objects now: 2589.
Total: 225.901300 ms (FindLiveObjects: 0.286700 ms CreateObjectMapping: 0.169100 ms MarkObjects: 5.036100 ms  DeleteObjects: 220.407500 ms)

AssetImportParameters requested are different than current active one (requested -> active):
  custom:framework-win-MediaFoundation: 216162199b28c13a410421893ffa2e32 -> 
  custom:video-decoder-ogg-theora: a1e56fd34408186e4bbccfd4996cb3dc -> 
  custom:container-muxer-webm: aa71ff27fc2769a1b78a27578f13a17b -> 
  custom:container-demuxer-webm: 4f35f7cbe854078d1ac9338744f61a02 -> 
  custom:container-demuxer-ogg: 62fdf1f143b41e24485cea50d1cbac27 -> 
  custom:video-encoder-webm-vp8: eb34c28f22e8b96e1ab97ce403110664 -> 
  custom:video-codec-MediaFoundation-h265: 746d11721c4dcdbdad8f713fa42b33f4 -> 
  custom:video-decoder-webm-vp8: 9c59270c3fd7afecdb556c50c9e8de78 -> 
  custom:audio-decoder-ogg-vorbis: bf7c407c2cedff20999df2af8eb42d56 -> 
  custom:audio-encoder-webm-vorbis: bf7c407c2cedff20999df2af8eb42d56 -> 
========================================================================
Received Prepare
Registering precompiled user dll's ...
Registered in 0.004716 seconds.
Begin MonoManager ReloadAssembly
Native extension for WindowsStandalone target not found
Refreshing native plugins compatible for Editor in 0.65 ms, found 3 plugins.
Preloading 0 native plugins for Editor in 0.00 ms.
Mono: successfully reloaded assembly
- Completed reload, in  1.667 seconds
Platform modules already initialized, skipping
Refreshing native plugins compatible for Editor in 2.18 ms, found 3 plugins.
Preloading 0 native plugins for Editor in 0.00 ms.
Unloading 2075 Unused Serialized files (Serialized files now loaded: 0)
System memory in use before: 96.3 MB.
System memory in use after: 96.3 MB.

Unloading 21 unused Assets to reduce memory usage. Loaded Objects now: 2593.
Total: 6.947800 ms (FindLiveObjects: 0.790900 ms CreateObjectMapping: 0.350600 ms MarkObjects: 5.420500 ms  DeleteObjects: 0.383400 ms)

AssetImportParameters requested are different than current active one (requested -> active):
  custom:framework-win-MediaFoundation: 216162199b28c13a410421893ffa2e32 -> 
  custom:video-decoder-ogg-theora: a1e56fd34408186e4bbccfd4996cb3dc -> 
  custom:container-muxer-webm: aa71ff27fc2769a1b78a27578f13a17b -> 
  custom:container-demuxer-webm: 4f35f7cbe854078d1ac9338744f61a02 -> 
  custom:container-demuxer-ogg: 62fdf1f143b41e24485cea50d1cbac27 -> 
  custom:video-encoder-webm-vp8: eb34c28f22e8b96e1ab97ce403110664 -> 
  custom:video-codec-MediaFoundation-h265: 746d11721c4dcdbdad8f713fa42b33f4 -> 
  custom:video-decoder-webm-vp8: 9c59270c3fd7afecdb556c50c9e8de78 -> 
  custom:audio-decoder-ogg-vorbis: bf7c407c2cedff20999df2af8eb42d56 -> 
  custom:audio-encoder-webm-vorbis: bf7c407c2cedff20999df2af8eb42d56 -> 
========================================================================
Received Prepare
Registering precompiled user dll's ...
Registered in 0.007879 seconds.
Begin MonoManager ReloadAssembly
Native extension for WindowsStandalone target not found
Refreshing native plugins compatible for Editor in 0.52 ms, found 3 plugins.
Preloading 0 native plugins for Editor in 0.00 ms.
Mono: successfully reloaded assembly
- Completed reload, in  1.770 seconds
Platform modules already initialized, skipping
Refreshing native plugins compatible for Editor in 0.56 ms, found 3 plugins.
Preloading 0 native plugins for Editor in 0.00 ms.
Unloading 2075 Unused Serialized files (Serialized files now loaded: 0)
System memory in use before: 96.3 MB.
System memory in use after: 96.3 MB.

Unloading 21 unused Assets to reduce memory usage. Loaded Objects now: 2597.
Total: 16.985000 ms (FindLiveObjects: 0.247400 ms CreateObjectMapping: 0.101100 ms MarkObjects: 2.273400 ms  DeleteObjects: 14.361800 ms)

AssetImportParameters requested are different than current active one (requested -> active):
  custom:framework-win-MediaFoundation: 216162199b28c13a410421893ffa2e32 -> 
  custom:video-decoder-ogg-theora: a1e56fd34408186e4bbccfd4996cb3dc -> 
  custom:container-muxer-webm: aa71ff27fc2769a1b78a27578f13a17b -> 
  custom:container-demuxer-webm: 4f35f7cbe854078d1ac9338744f61a02 -> 
  custom:container-demuxer-ogg: 62fdf1f143b41e24485cea50d1cbac27 -> 
  custom:video-encoder-webm-vp8: eb34c28f22e8b96e1ab97ce403110664 -> 
  custom:video-codec-MediaFoundation-h265: 746d11721c4dcdbdad8f713fa42b33f4 -> 
  custom:video-decoder-webm-vp8: 9c59270c3fd7afecdb556c50c9e8de78 -> 
  custom:audio-decoder-ogg-vorbis: bf7c407c2cedff20999df2af8eb42d56 -> 
  custom:audio-encoder-webm-vorbis: bf7c407c2cedff20999df2af8eb42d56 -> 
========================================================================
Received Import Request.
  Time since last request: 2622.406553 seconds.
  path: Assets/素材/設定背景.mat
  artifactKey: Guid(2047f4790ae48d54d87793d83603bfb1) Importer(815301076,1909f56bfc062723c751e8b465ee728b)
Start importing Assets/素材/設定背景.mat using Guid(2047f4790ae48d54d87793d83603bfb1) Importer(815301076,1909f56bfc062723c751e8b465ee728b)  -> (artifact id: '1a60e70047eef1c001423fa1ced4c2c9') in 0.331149 seconds 
  Import took 0.372729 seconds .

========================================================================
Received Import Request.
  Time since last request: 1292.978337 seconds.
  path: Assets/素材/設定背景.mat
  artifactKey: Guid(2047f4790ae48d54d87793d83603bfb1) Importer(815301076,1909f56bfc062723c751e8b465ee728b)
Start importing Assets/素材/設定背景.mat using Guid(2047f4790ae48d54d87793d83603bfb1) Importer(815301076,1909f56bfc062723c751e8b465ee728b)  -> (artifact id: '74bc22c950575e057ad02252c58719b7') in 0.316665 seconds 
  Import took 0.364897 seconds .

========================================================================
Received Import Request.
  Time since last request: 0.000380 seconds.
  path: Assets/素材/選單背景.mat
  artifactKey: Guid(e75e283d99687a840a10b9dcc8d9069f) Importer(815301076,1909f56bfc062723c751e8b465ee728b)
Start importing Assets/素材/選單背景.mat using Guid(e75e283d99687a840a10b9dcc8d9069f) Importer(815301076,1909f56bfc062723c751e8b465ee728b)  -> (artifact id: '21fd0ab3c383ffde7fefaa84ad672a0c') in 1.284248 seconds 
  Import took 1.321889 seconds .

========================================================================
Received Prepare
Registering precompiled user dll's ...
Registered in 1.287786 seconds.
Begin MonoManager ReloadAssembly
Native extension for WindowsStandalone target not found
Refreshing native plugins compatible for Editor in 0.70 ms, found 3 plugins.
Preloading 0 native plugins for Editor in 0.00 ms.
Mono: successfully reloaded assembly
- Completed reload, in 40.808 seconds
Platform modules already initialized, skipping
Refreshing native plugins compatible for Editor in 0.57 ms, found 3 plugins.
Preloading 0 native plugins for Editor in 0.00 ms.
Unloading 2075 Unused Serialized files (Serialized files now loaded: 0)
System memory in use before: 96.5 MB.
System memory in use after: 96.4 MB.

Unloading 21 unused Assets to reduce memory usage. Loaded Objects now: 2603.
Total: 4.327500 ms (FindLiveObjects: 0.349400 ms CreateObjectMapping: 0.112700 ms MarkObjects: 3.628700 ms  DeleteObjects: 0.234700 ms)

AssetImportParameters requested are different than current active one (requested -> active):
  custom:framework-win-MediaFoundation: 216162199b28c13a410421893ffa2e32 -> 
  custom:video-decoder-ogg-theora: a1e56fd34408186e4bbccfd4996cb3dc -> 
  custom:container-muxer-webm: aa71ff27fc2769a1b78a27578f13a17b -> 
  custom:container-demuxer-webm: 4f35f7cbe854078d1ac9338744f61a02 -> 
  custom:container-demuxer-ogg: 62fdf1f143b41e24485cea50d1cbac27 -> 
  custom:video-encoder-webm-vp8: eb34c28f22e8b96e1ab97ce403110664 -> 
  custom:video-codec-MediaFoundation-h265: 746d11721c4dcdbdad8f713fa42b33f4 -> 
  custom:video-decoder-webm-vp8: 9c59270c3fd7afecdb556c50c9e8de78 -> 
  custom:audio-decoder-ogg-vorbis: bf7c407c2cedff20999df2af8eb42d56 -> 
  custom:audio-encoder-webm-vorbis: bf7c407c2cedff20999df2af8eb42d56 -> 
========================================================================
Received Prepare
Registering precompiled user dll's ...
Registered in 0.326716 seconds.
Begin MonoManager ReloadAssembly
Native extension for WindowsStandalone target not found
Refreshing native plugins compatible for Editor in 0.55 ms, found 3 plugins.
Preloading 0 native plugins for Editor in 0.00 ms.
Mono: successfully reloaded assembly
- Completed reload, in  1.641 seconds
Platform modules already initialized, skipping
Refreshing native plugins compatible for Editor in 0.54 ms, found 3 plugins.
Preloading 0 native plugins for Editor in 0.00 ms.
Unloading 2075 Unused Serialized files (Serialized files now loaded: 0)
System memory in use before: 96.5 MB.
System memory in use after: 96.5 MB.

Unloading 21 unused Assets to reduce memory usage. Loaded Objects now: 2607.
Total: 3.453500 ms (FindLiveObjects: 0.242200 ms CreateObjectMapping: 0.097600 ms MarkObjects: 2.880700 ms  DeleteObjects: 0.231700 ms)

AssetImportParameters requested are different than current active one (requested -> active):
  custom:framework-win-MediaFoundation: 216162199b28c13a410421893ffa2e32 -> 
  custom:video-decoder-ogg-theora: a1e56fd34408186e4bbccfd4996cb3dc -> 
  custom:container-muxer-webm: aa71ff27fc2769a1b78a27578f13a17b -> 
  custom:container-demuxer-webm: 4f35f7cbe854078d1ac9338744f61a02 -> 
  custom:container-demuxer-ogg: 62fdf1f143b41e24485cea50d1cbac27 -> 
  custom:video-encoder-webm-vp8: eb34c28f22e8b96e1ab97ce403110664 -> 
  custom:video-codec-MediaFoundation-h265: 746d11721c4dcdbdad8f713fa42b33f4 -> 
  custom:video-decoder-webm-vp8: 9c59270c3fd7afecdb556c50c9e8de78 -> 
  custom:audio-decoder-ogg-vorbis: bf7c407c2cedff20999df2af8eb42d56 -> 
  custom:audio-encoder-webm-vorbis: bf7c407c2cedff20999df2af8eb42d56 -> 
AssetImportWorkerClient::OnTransportError - code=2 error=End of file
